<?xml version="1.0" encoding="UTF-8"?>
<!-- Generated by org.testng.reporters.JUnitReportReporter -->
<testsuite hostname="DESKTOP-I6MKJFC" failures="0" tests="8" name="testngpackage.LoginPage" time="27.127" errors="0" timestamp="2021-08-05T07:09:34 GMT-04:00" skipped="0">
  <testcase classname="testngpackage.LoginPage" name="success_screen" time="4.201"/>
  <system-out/>
  <testcase classname="testngpackage.LoginPage" name="logout" time="1.563"/>
  <system-out/>
  <testcase classname="testngpackage.LoginPage" name="set_path" time="6.086"/>
  <system-out/>
  <testcase classname="testngpackage.LoginPage" name="check_button_click" time="8.082"/>
  <system-out/>
  <testcase classname="testngpackage.LoginPage" name="home_click" time="4.192"/>
  <system-out/>
  <testcase classname="testngpackage.LoginPage" name="login_details" time="2.433"/>
  <system-out/>
  <testcase classname="testngpackage.LoginPage" name="cart_click" time="0.112"/>
  <system-out/>
  <testcase classname="testngpackage.LoginPage" name="card_data" time="0.458"/>
  <system-out/>
</testsuite> <!-- testngpackage.LoginPage -->
